# JRE version: Java(TM) SE Runtime Environment (8.0_65-b17) (build 1.8.0_65-b17)
# Java VM: Java HotSpot(TM) 64-Bit Server VM (25.65-b01 mixed mode windows-amd64 compressed oops)
Heap:
 PSYoungGen      total 149504K, used 10584K [0x00000000eab00000, 0x00000000f9380000, 0x0000000100000000)
  eden space 133120K, 7% used [0x00000000eab00000,0x00000000eb556398,0x00000000f2d00000)
  from space 16384K, 0% used [0x00000000f2d00000,0x00000000f2d00000,0x00000000f3d00000)
  to   space 16384K, 0% used [0x00000000f8380000,0x00000000f8380000,0x00000000f9380000)
 ParOldGen       total 65024K, used 19837K [0x00000000c0000000, 0x00000000c3f80000, 0x00000000eab00000)
  object space 65024K, 30% used [0x00000000c0000000,0x00000000c135f510,0x00000000c3f80000)
 Metaspace       used 34781K, capacity 35780K, committed 35880K, reserved 1079296K
  class space    used 4677K, capacity 5121K, committed 5160K, reserved 1048576K
GC Heap History (10 events):
Event: 24.030 GC heap before
{Heap before GC invocations=11 (full 1):
 PSYoungGen      total 86016K, used 76664K [0x00000000eab00000, 0x00000000f2480000, 0x0000000100000000)
  eden space 74752K, 100% used [0x00000000eab00000,0x00000000ef400000,0x00000000ef400000)
  from space 11264K, 16% used [0x00000000ef400000,0x00000000ef5de100,0x00000000eff00000)
  to   space 11264K, 0% used [0x00000000f1980000,0x00000000f1980000,0x00000000f2480000)
 ParOldGen       total 65024K, used 8014K [0x00000000c0000000, 0x00000000c3f80000, 0x00000000eab00000)
  object space 65024K, 12% used [0x00000000c0000000,0x00000000c07d39b0,0x00000000c3f80000)
 Metaspace       used 22258K, capacity 22858K, committed 23168K, reserved 1069056K
  class space    used 2942K, capacity 3148K, committed 3200K, reserved 1048576K
Event: 24.034 GC heap after
Heap after GC invocations=11 (full 1):
 PSYoungGen      total 113152K, used 1472K [0x00000000eab00000, 0x00000000f2400000, 0x0000000100000000)
  eden space 102400K, 0% used [0x00000000eab00000,0x00000000eab00000,0x00000000f0f00000)
  from space 10752K, 13% used [0x00000000f1980000,0x00000000f1af0020,0x00000000f2400000)
  to   space 10752K, 0% used [0x00000000f0f00000,0x00000000f0f00000,0x00000000f1980000)
 ParOldGen       total 65024K, used 9046K [0x00000000c0000000, 0x00000000c3f80000, 0x00000000eab00000)
  object space 65024K, 13% used [0x00000000c0000000,0x00000000c08d5b10,0x00000000c3f80000)
 Metaspace       used 22258K, capacity 22858K, committed 23168K, reserved 1069056K
  class space    used 2942K, capacity 3148K, committed 3200K, reserved 1048576K
}
Event: 28.152 GC heap before
{Heap before GC invocations=12 (full 1):
 PSYoungGen      total 113152K, used 103872K [0x00000000eab00000, 0x00000000f2400000, 0x0000000100000000)
  eden space 102400K, 100% used [0x00000000eab00000,0x00000000f0f00000,0x00000000f0f00000)
  from space 10752K, 13% used [0x00000000f1980000,0x00000000f1af0020,0x00000000f2400000)
  to   space 10752K, 0% used [0x00000000f0f00000,0x00000000f0f00000,0x00000000f1980000)
 ParOldGen       total 65024K, used 9046K [0x00000000c0000000, 0x00000000c3f80000, 0x00000000eab00000)
  object space 65024K, 13% used [0x00000000c0000000,0x00000000c08d5b10,0x00000000c3f80000)
 Metaspace       used 27046K, capacity 27878K, committed 28032K, reserved 1073152K
  class space    used 3633K, capacity 3922K, committed 3968K, reserved 1048576K
Event: 28.162 GC heap after
Heap after GC invocations=12 (full 1):
 PSYoungGen      total 113152K, used 10680K [0x00000000eab00000, 0x00000000f4980000, 0x0000000100000000)
  eden space 102400K, 0% used [0x00000000eab00000,0x00000000eab00000,0x00000000f0f00000)
  from space 10752K, 99% used [0x00000000f0f00000,0x00000000f196e278,0x00000000f1980000)
  to   space 12800K, 0% used [0x00000000f3d00000,0x00000000f3d00000,0x00000000f4980000)
 ParOldGen       total 65024K, used 9638K [0x00000000c0000000, 0x00000000c3f80000, 0x00000000eab00000)
  object space 65024K, 14% used [0x00000000c0000000,0x00000000c0969b10,0x00000000c3f80000)
 Metaspace       used 27046K, capacity 27878K, committed 28032K, reserved 1073152K
  class space    used 3633K, capacity 3922K, committed 3968K, reserved 1048576K
}
Event: 35.032 GC heap before
{Heap before GC invocations=13 (full 1):
 PSYoungGen      total 113152K, used 113080K [0x00000000eab00000, 0x00000000f4980000, 0x0000000100000000)
  eden space 102400K, 100% used [0x00000000eab00000,0x00000000f0f00000,0x00000000f0f00000)
  from space 10752K, 99% used [0x00000000f0f00000,0x00000000f196e278,0x00000000f1980000)
  to   space 12800K, 0% used [0x00000000f3d00000,0x00000000f3d00000,0x00000000f4980000)
 ParOldGen       total 65024K, used 9638K [0x00000000c0000000, 0x00000000c3f80000, 0x00000000eab00000)
  object space 65024K, 14% used [0x00000000c0000000,0x00000000c0969b10,0x00000000c3f80000)
 Metaspace       used 34325K, capacity 35404K, committed 35496K, reserved 1079296K
  class space    used 4599K, capacity 4993K, committed 5032K, reserved 1048576K
Event: 35.047 GC heap after
Heap after GC invocations=13 (full 1):
 PSYoungGen      total 145920K, used 12785K [0x00000000eab00000, 0x00000000f4d80000, 0x0000000100000000)
  eden space 133120K, 0% used [0x00000000eab00000,0x00000000eab00000,0x00000000f2d00000)
  from space 12800K, 99% used [0x00000000f3d00000,0x00000000f497c730,0x00000000f4980000)
  to   space 16384K, 0% used [0x00000000f2d00000,0x00000000f2d00000,0x00000000f3d00000)
 ParOldGen       total 65024K, used 13549K [0x00000000c0000000, 0x00000000c3f80000, 0x00000000eab00000)
  object space 65024K, 20% used [0x00000000c0000000,0x00000000c0d3b748,0x00000000c3f80000)
 Metaspace       used 34325K, capacity 35404K, committed 35496K, reserved 1079296K
  class space    used 4599K, capacity 4993K, committed 5032K, reserved 1048576K
}
Event: 35.082 GC heap before
{Heap before GC invocations=14 (full 1):
 PSYoungGen      total 145920K, used 18045K [0x00000000eab00000, 0x00000000f4d80000, 0x0000000100000000)
  eden space 133120K, 3% used [0x00000000eab00000,0x00000000eb022e80,0x00000000f2d00000)
  from space 12800K, 99% used [0x00000000f3d00000,0x00000000f497c730,0x00000000f4980000)
  to   space 16384K, 0% used [0x00000000f2d00000,0x00000000f2d00000,0x00000000f3d00000)
 ParOldGen       total 65024K, used 13549K [0x00000000c0000000, 0x00000000c3f80000, 0x00000000eab00000)
  object space 65024K, 20% used [0x00000000c0000000,0x00000000c0d3b748,0x00000000c3f80000)
 Metaspace       used 34392K, capacity 35454K, committed 35496K, reserved 1079296K
  class space    used 4610K, capacity 5031K, committed 5032K, reserved 1048576K
Event: 35.093 GC heap after
Heap after GC invocations=14 (full 1):
 PSYoungGen      total 149504K, used 704K [0x00000000eab00000, 0x00000000f9380000, 0x0000000100000000)
  eden space 133120K, 0% used [0x00000000eab00000,0x00000000eab00000,0x00000000f2d00000)
  from space 16384K, 4% used [0x00000000f2d00000,0x00000000f2db0000,0x00000000f3d00000)
  to   space 16384K, 0% used [0x00000000f8380000,0x00000000f8380000,0x00000000f9380000)
 ParOldGen       total 65024K, used 24489K [0x00000000c0000000, 0x00000000c3f80000, 0x00000000eab00000)
  object space 65024K, 37% used [0x00000000c0000000,0x00000000c17ea6c0,0x00000000c3f80000)
 Metaspace       used 34392K, capacity 35454K, committed 35496K, reserved 1079296K
  class space    used 4610K, capacity 5031K, committed 5032K, reserved 1048576K
}
Event: 35.093 GC heap before
{Heap before GC invocations=15 (full 2):
 PSYoungGen      total 149504K, used 704K [0x00000000eab00000, 0x00000000f9380000, 0x0000000100000000)
  eden space 133120K, 0% used [0x00000000eab00000,0x00000000eab00000,0x00000000f2d00000)
  from space 16384K, 4% used [0x00000000f2d00000,0x00000000f2db0000,0x00000000f3d00000)
  to   space 16384K, 0% used [0x00000000f8380000,0x00000000f8380000,0x00000000f9380000)
 ParOldGen       total 65024K, used 24489K [0x00000000c0000000, 0x00000000c3f80000, 0x00000000eab00000)
  object space 65024K, 37% used [0x00000000c0000000,0x00000000c17ea6c0,0x00000000c3f80000)
 Metaspace       used 34392K, capacity 35454K, committed 35496K, reserved 1079296K
  class space    used 4610K, capacity 5031K, committed 5032K, reserved 1048576K
Event: 35.180 GC heap after
Heap after GC invocations=15 (full 2):
 PSYoungGen      total 149504K, used 0K [0x00000000eab00000, 0x00000000f9380000, 0x0000000100000000)
  eden space 133120K, 0% used [0x00000000eab00000,0x00000000eab00000,0x00000000f2d00000)
  from space 16384K, 0% used [0x00000000f2d00000,0x00000000f2d00000,0x00000000f3d00000)
  to   space 16384K, 0% used [0x00000000f8380000,0x00000000f8380000,0x00000000f9380000)
 ParOldGen       total 65024K, used 19837K [0x00000000c0000000, 0x00000000c3f80000, 0x00000000eab00000)
  object space 65024K, 30% used [0x00000000c0000000,0x00000000c135f510,0x00000000c3f80000)
 Metaspace       used 34358K, capacity 35340K, committed 35496K, reserved 1079296K
  class space    used 4604K, capacity 4997K, committed 5032K, reserved 1048576K
}

