# JRE version: Java(TM) SE Runtime Environment (8.0_60-b27) (build 1.8.0_60-b27)
# Java VM: Java HotSpot(TM) 64-Bit Server VM (25.60-b23 mixed mode windows-amd64 compressed oops)
Heap:
 PSYoungGen      total 178176K, used 4770K [0x00000000eab00000, 0x00000000f8f80000, 0x0000000100000000)
  eden space 161280K, 2% used [0x00000000eab00000,0x00000000eafa8830,0x00000000f4880000)
  from space 16896K, 0% used [0x00000000f5980000,0x00000000f5980000,0x00000000f6a00000)
  to   space 17408K, 0% used [0x00000000f4880000,0x00000000f4880000,0x00000000f5980000)
 ParOldGen       total 60416K, used 28201K [0x00000000c0000000, 0x00000000c3b00000, 0x00000000eab00000)
  object space 60416K, 46% used [0x00000000c0000000,0x00000000c1b8a690,0x00000000c3b00000)
 Metaspace       used 34660K, capacity 35696K, committed 35880K, reserved 1079296K
  class space    used 4751K, capacity 5143K, committed 5248K, reserved 1048576K
GC Heap History (10 events):
Event: 6.923 GC heap before
{Heap before GC invocations=6 (full 1):
 PSYoungGen      total 71680K, used 66560K [0x00000000eab00000, 0x00000000ef600000, 0x0000000100000000)
  eden space 66560K, 100% used [0x00000000eab00000,0x00000000eec00000,0x00000000eec00000)
  from space 5120K, 0% used [0x00000000ef100000,0x00000000ef100000,0x00000000ef600000)
  to   space 5120K, 0% used [0x00000000eec00000,0x00000000eec00000,0x00000000ef100000)
 ParOldGen       total 60416K, used 10425K [0x00000000c0000000, 0x00000000c3b00000, 0x00000000eab00000)
  object space 60416K, 17% used [0x00000000c0000000,0x00000000c0a2e418,0x00000000c3b00000)
 Metaspace       used 25937K, capacity 26544K, committed 26752K, reserved 1073152K
  class space    used 3499K, capacity 3703K, committed 3712K, reserved 1048576K
Event: 6.930 GC heap after
Heap after GC invocations=6 (full 1):
 PSYoungGen      total 71680K, used 5119K [0x00000000eab00000, 0x00000000f2900000, 0x0000000100000000)
  eden space 66560K, 0% used [0x00000000eab00000,0x00000000eab00000,0x00000000eec00000)
  from space 5120K, 99% used [0x00000000eec00000,0x00000000ef0ffd80,0x00000000ef100000)
  to   space 10240K, 0% used [0x00000000f1f00000,0x00000000f1f00000,0x00000000f2900000)
 ParOldGen       total 60416K, used 12303K [0x00000000c0000000, 0x00000000c3b00000, 0x00000000eab00000)
  object space 60416K, 20% used [0x00000000c0000000,0x00000000c0c03ff0,0x00000000c3b00000)
 Metaspace       used 25937K, capacity 26544K, committed 26752K, reserved 1073152K
  class space    used 3499K, capacity 3703K, committed 3712K, reserved 1048576K
}
Event: 8.451 GC heap before
{Heap before GC invocations=7 (full 1):
 PSYoungGen      total 71680K, used 71679K [0x00000000eab00000, 0x00000000f2900000, 0x0000000100000000)
  eden space 66560K, 100% used [0x00000000eab00000,0x00000000eec00000,0x00000000eec00000)
  from space 5120K, 99% used [0x00000000eec00000,0x00000000ef0ffd80,0x00000000ef100000)
  to   space 10240K, 0% used [0x00000000f1f00000,0x00000000f1f00000,0x00000000f2900000)
 ParOldGen       total 60416K, used 12303K [0x00000000c0000000, 0x00000000c3b00000, 0x00000000eab00000)
  object space 60416K, 20% used [0x00000000c0000000,0x00000000c0c03ff0,0x00000000c3b00000)
 Metaspace       used 30081K, capacity 30920K, committed 31104K, reserved 1075200K
  class space    used 4092K, capacity 4434K, committed 4480K, reserved 1048576K
Event: 8.458 GC heap after
Heap after GC invocations=7 (full 1):
 PSYoungGen      total 116224K, used 9770K [0x00000000eab00000, 0x00000000f2900000, 0x0000000100000000)
  eden space 105984K, 0% used [0x00000000eab00000,0x00000000eab00000,0x00000000f1280000)
  from space 10240K, 95% used [0x00000000f1f00000,0x00000000f288a918,0x00000000f2900000)
  to   space 11264K, 0% used [0x00000000f1300000,0x00000000f1300000,0x00000000f1e00000)
 ParOldGen       total 60416K, used 12376K [0x00000000c0000000, 0x00000000c3b00000, 0x00000000eab00000)
  object space 60416K, 20% used [0x00000000c0000000,0x00000000c0c16000,0x00000000c3b00000)
 Metaspace       used 30081K, capacity 30920K, committed 31104K, reserved 1075200K
  class space    used 4092K, capacity 4434K, committed 4480K, reserved 1048576K
}
Event: 15.182 GC heap before
{Heap before GC invocations=8 (full 1):
 PSYoungGen      total 116224K, used 115754K [0x00000000eab00000, 0x00000000f2900000, 0x0000000100000000)
  eden space 105984K, 100% used [0x00000000eab00000,0x00000000f1280000,0x00000000f1280000)
  from space 10240K, 95% used [0x00000000f1f00000,0x00000000f288a918,0x00000000f2900000)
  to   space 11264K, 0% used [0x00000000f1300000,0x00000000f1300000,0x00000000f1e00000)
 ParOldGen       total 60416K, used 12376K [0x00000000c0000000, 0x00000000c3b00000, 0x00000000eab00000)
  object space 60416K, 20% used [0x00000000c0000000,0x00000000c0c16000,0x00000000c3b00000)
 Metaspace       used 34234K, capacity 35300K, committed 35496K, reserved 1079296K
  class space    used 4686K, capacity 5075K, committed 5120K, reserved 1048576K
Event: 15.194 GC heap after
Heap after GC invocations=8 (full 1):
 PSYoungGen      total 117760K, used 11233K [0x00000000eab00000, 0x00000000f6a00000, 0x0000000100000000)
  eden space 106496K, 0% used [0x00000000eab00000,0x00000000eab00000,0x00000000f1300000)
  from space 11264K, 99% used [0x00000000f1300000,0x00000000f1df85f0,0x00000000f1e00000)
  to   space 16896K, 0% used [0x00000000f5980000,0x00000000f5980000,0x00000000f6a00000)
 ParOldGen       total 60416K, used 21603K [0x00000000c0000000, 0x00000000c3b00000, 0x00000000eab00000)
  object space 60416K, 35% used [0x00000000c0000000,0x00000000c1518f20,0x00000000c3b00000)
 Metaspace       used 34234K, capacity 35300K, committed 35496K, reserved 1079296K
  class space    used 4686K, capacity 5075K, committed 5120K, reserved 1048576K
}
Event: 15.231 GC heap before
{Heap before GC invocations=9 (full 1):
 PSYoungGen      total 117760K, used 19335K [0x00000000eab00000, 0x00000000f6a00000, 0x0000000100000000)
  eden space 106496K, 7% used [0x00000000eab00000,0x00000000eb2e9720,0x00000000f1300000)
  from space 11264K, 99% used [0x00000000f1300000,0x00000000f1df85f0,0x00000000f1e00000)
  to   space 16896K, 0% used [0x00000000f5980000,0x00000000f5980000,0x00000000f6a00000)
 ParOldGen       total 60416K, used 21603K [0x00000000c0000000, 0x00000000c3b00000, 0x00000000eab00000)
  object space 60416K, 35% used [0x00000000c0000000,0x00000000c1518f20,0x00000000c3b00000)
 Metaspace       used 34444K, capacity 35460K, committed 35496K, reserved 1079296K
  class space    used 4719K, capacity 5107K, committed 5120K, reserved 1048576K
Event: 15.241 GC heap after
Heap after GC invocations=9 (full 1):
 PSYoungGen      total 178176K, used 12345K [0x00000000eab00000, 0x00000000f8f80000, 0x0000000100000000)
  eden space 161280K, 0% used [0x00000000eab00000,0x00000000eab00000,0x00000000f4880000)
  from space 16896K, 73% used [0x00000000f5980000,0x00000000f658e770,0x00000000f6a00000)
  to   space 17408K, 0% used [0x00000000f4880000,0x00000000f4880000,0x00000000f5980000)
 ParOldGen       total 60416K, used 21611K [0x00000000c0000000, 0x00000000c3b00000, 0x00000000eab00000)
  object space 60416K, 35% used [0x00000000c0000000,0x00000000c151af20,0x00000000c3b00000)
 Metaspace       used 34444K, capacity 35460K, committed 35496K, reserved 1079296K
  class space    used 4719K, capacity 5107K, committed 5120K, reserved 1048576K
}
Event: 15.241 GC heap before
{Heap before GC invocations=10 (full 2):
 PSYoungGen      total 178176K, used 12345K [0x00000000eab00000, 0x00000000f8f80000, 0x0000000100000000)
  eden space 161280K, 0% used [0x00000000eab00000,0x00000000eab00000,0x00000000f4880000)
  from space 16896K, 73% used [0x00000000f5980000,0x00000000f658e770,0x00000000f6a00000)
  to   space 17408K, 0% used [0x00000000f4880000,0x00000000f4880000,0x00000000f5980000)
 ParOldGen       total 60416K, used 21611K [0x00000000c0000000, 0x00000000c3b00000, 0x00000000eab00000)
  object space 60416K, 35% used [0x00000000c0000000,0x00000000c151af20,0x00000000c3b00000)
 Metaspace       used 34444K, capacity 35460K, committed 35496K, reserved 1079296K
  class space    used 4719K, capacity 5107K, committed 5120K, reserved 1048576K
Event: 15.322 GC heap after
Heap after GC invocations=10 (full 2):
 PSYoungGen      total 178176K, used 0K [0x00000000eab00000, 0x00000000f8f80000, 0x0000000100000000)
  eden space 161280K, 0% used [0x00000000eab00000,0x00000000eab00000,0x00000000f4880000)
  from space 16896K, 0% used [0x00000000f5980000,0x00000000f5980000,0x00000000f6a00000)
  to   space 17408K, 0% used [0x00000000f4880000,0x00000000f4880000,0x00000000f5980000)
 ParOldGen       total 60416K, used 28201K [0x00000000c0000000, 0x00000000c3b00000, 0x00000000eab00000)
  object space 60416K, 46% used [0x00000000c0000000,0x00000000c1b8a690,0x00000000c3b00000)
 Metaspace       used 34444K, capacity 35460K, committed 35496K, reserved 1079296K
  class space    used 4719K, capacity 5107K, committed 5120K, reserved 1048576K
}

