# JRE version: Java(TM) SE Runtime Environment (8.0_65-b17) (build 1.8.0_65-b17)
# Java VM: Java HotSpot(TM) 64-Bit Server VM (25.65-b01 mixed mode windows-amd64 compressed oops)
Heap:
 PSYoungGen      total 101888K, used 33560K [0x00000000eab00000, 0x00000000f3180000, 0x0000000100000000)
  eden space 89600K, 23% used [0x00000000eab00000,0x00000000ebfc8fe0,0x00000000f0280000)
  from space 12288K, 99% used [0x00000000f2580000,0x00000000f317d310,0x00000000f3180000)
  to   space 10752K, 0% used [0x00000000f0280000,0x00000000f0280000,0x00000000f0d00000)
 ParOldGen       total 64512K, used 11012K [0x00000000c0000000, 0x00000000c3f00000, 0x00000000eab00000)
  object space 64512K, 17% used [0x00000000c0000000,0x00000000c0ac12d0,0x00000000c3f00000)
 Metaspace       used 33547K, capacity 34556K, committed 34688K, reserved 1079296K
  class space    used 4499K, capacity 4884K, committed 4992K, reserved 1048576K
GC Heap History (10 events):
Event: 3.913 GC heap before
{Heap before GC invocations=9 (full 1):
 PSYoungGen      total 58880K, used 48964K [0x00000000eab00000, 0x00000000f0500000, 0x0000000100000000)
  eden space 47616K, 100% used [0x00000000eab00000,0x00000000ed980000,0x00000000ed980000)
  from space 11264K, 11% used [0x00000000ed980000,0x00000000edad10e0,0x00000000ee480000)
  to   space 11264K, 0% used [0x00000000efa00000,0x00000000efa00000,0x00000000f0500000)
 ParOldGen       total 64512K, used 8019K [0x00000000c0000000, 0x00000000c3f00000, 0x00000000eab00000)
  object space 64512K, 12% used [0x00000000c0000000,0x00000000c07d4ee8,0x00000000c3f00000)
 Metaspace       used 22275K, capacity 22852K, committed 23168K, reserved 1069056K
  class space    used 2939K, capacity 3147K, committed 3200K, reserved 1048576K
Event: 3.915 GC heap after
Heap after GC invocations=9 (full 1):
 PSYoungGen      total 80896K, used 1768K [0x00000000eab00000, 0x00000000f0600000, 0x0000000100000000)
  eden space 69632K, 0% used [0x00000000eab00000,0x00000000eab00000,0x00000000eef00000)
  from space 11264K, 15% used [0x00000000efa00000,0x00000000efbba100,0x00000000f0500000)
  to   space 11264K, 0% used [0x00000000eef00000,0x00000000eef00000,0x00000000efa00000)
 ParOldGen       total 64512K, used 8027K [0x00000000c0000000, 0x00000000c3f00000, 0x00000000eab00000)
  object space 64512K, 12% used [0x00000000c0000000,0x00000000c07d6ee8,0x00000000c3f00000)
 Metaspace       used 22275K, capacity 22852K, committed 23168K, reserved 1069056K
  class space    used 2939K, capacity 3147K, committed 3200K, reserved 1048576K
}
Event: 4.136 GC heap before
{Heap before GC invocations=10 (full 1):
 PSYoungGen      total 80896K, used 71400K [0x00000000eab00000, 0x00000000f0600000, 0x0000000100000000)
  eden space 69632K, 100% used [0x00000000eab00000,0x00000000eef00000,0x00000000eef00000)
  from space 11264K, 15% used [0x00000000efa00000,0x00000000efbba100,0x00000000f0500000)
  to   space 11264K, 0% used [0x00000000eef00000,0x00000000eef00000,0x00000000efa00000)
 ParOldGen       total 64512K, used 8027K [0x00000000c0000000, 0x00000000c3f00000, 0x00000000eab00000)
  object space 64512K, 12% used [0x00000000c0000000,0x00000000c07d6ee8,0x00000000c3f00000)
 Metaspace       used 22279K, capacity 22852K, committed 23168K, reserved 1069056K
  class space    used 2939K, capacity 3147K, committed 3200K, reserved 1048576K
Event: 4.138 GC heap after
Heap after GC invocations=10 (full 1):
 PSYoungGen      total 80896K, used 1944K [0x00000000eab00000, 0x00000000f1800000, 0x0000000100000000)
  eden space 69632K, 0% used [0x00000000eab00000,0x00000000eab00000,0x00000000eef00000)
  from space 11264K, 17% used [0x00000000eef00000,0x00000000ef0e6110,0x00000000efa00000)
  to   space 11264K, 0% used [0x00000000f0d00000,0x00000000f0d00000,0x00000000f1800000)
 ParOldGen       total 64512K, used 8027K [0x00000000c0000000, 0x00000000c3f00000, 0x00000000eab00000)
  object space 64512K, 12% used [0x00000000c0000000,0x00000000c07d6ee8,0x00000000c3f00000)
 Metaspace       used 22279K, capacity 22852K, committed 23168K, reserved 1069056K
  class space    used 2939K, capacity 3147K, committed 3200K, reserved 1048576K
}
Event: 4.348 GC heap before
{Heap before GC invocations=11 (full 1):
 PSYoungGen      total 80896K, used 71576K [0x00000000eab00000, 0x00000000f1800000, 0x0000000100000000)
  eden space 69632K, 100% used [0x00000000eab00000,0x00000000eef00000,0x00000000eef00000)
  from space 11264K, 17% used [0x00000000eef00000,0x00000000ef0e6110,0x00000000efa00000)
  to   space 11264K, 0% used [0x00000000f0d00000,0x00000000f0d00000,0x00000000f1800000)
 ParOldGen       total 64512K, used 8027K [0x00000000c0000000, 0x00000000c3f00000, 0x00000000eab00000)
  object space 64512K, 12% used [0x00000000c0000000,0x00000000c07d6ee8,0x00000000c3f00000)
 Metaspace       used 22280K, capacity 22852K, committed 23168K, reserved 1069056K
  class space    used 2940K, capacity 3147K, committed 3200K, reserved 1048576K
Event: 4.350 GC heap after
Heap after GC invocations=11 (full 1):
 PSYoungGen      total 100352K, used 2468K [0x00000000eab00000, 0x00000000f1780000, 0x0000000100000000)
  eden space 89600K, 0% used [0x00000000eab00000,0x00000000eab00000,0x00000000f0280000)
  from space 10752K, 22% used [0x00000000f0d00000,0x00000000f0f69100,0x00000000f1780000)
  to   space 10752K, 0% used [0x00000000f0280000,0x00000000f0280000,0x00000000f0d00000)
 ParOldGen       total 64512K, used 8027K [0x00000000c0000000, 0x00000000c3f00000, 0x00000000eab00000)
  object space 64512K, 12% used [0x00000000c0000000,0x00000000c07d6ee8,0x00000000c3f00000)
 Metaspace       used 22280K, capacity 22852K, committed 23168K, reserved 1069056K
  class space    used 2940K, capacity 3147K, committed 3200K, reserved 1048576K
}
Event: 5.943 GC heap before
{Heap before GC invocations=12 (full 1):
 PSYoungGen      total 100352K, used 92068K [0x00000000eab00000, 0x00000000f1780000, 0x0000000100000000)
  eden space 89600K, 100% used [0x00000000eab00000,0x00000000f0280000,0x00000000f0280000)
  from space 10752K, 22% used [0x00000000f0d00000,0x00000000f0f69100,0x00000000f1780000)
  to   space 10752K, 0% used [0x00000000f0280000,0x00000000f0280000,0x00000000f0d00000)
 ParOldGen       total 64512K, used 8027K [0x00000000c0000000, 0x00000000c3f00000, 0x00000000eab00000)
  object space 64512K, 12% used [0x00000000c0000000,0x00000000c07d6ee8,0x00000000c3f00000)
 Metaspace       used 25491K, capacity 26230K, committed 26496K, reserved 1073152K
  class space    used 3381K, capacity 3656K, committed 3712K, reserved 1048576K
Event: 5.952 GC heap after
Heap after GC invocations=12 (full 1):
 PSYoungGen      total 100352K, used 9650K [0x00000000eab00000, 0x00000000f3180000, 0x0000000100000000)
  eden space 89600K, 0% used [0x00000000eab00000,0x00000000eab00000,0x00000000f0280000)
  from space 10752K, 89% used [0x00000000f0280000,0x00000000f0beca68,0x00000000f0d00000)
  to   space 12288K, 0% used [0x00000000f2580000,0x00000000f2580000,0x00000000f3180000)
 ParOldGen       total 64512K, used 8035K [0x00000000c0000000, 0x00000000c3f00000, 0x00000000eab00000)
  object space 64512K, 12% used [0x00000000c0000000,0x00000000c07d8ee8,0x00000000c3f00000)
 Metaspace       used 25491K, capacity 26230K, committed 26496K, reserved 1073152K
  class space    used 3381K, capacity 3656K, committed 3712K, reserved 1048576K
}
Event: 7.248 GC heap before
{Heap before GC invocations=13 (full 1):
 PSYoungGen      total 100352K, used 99250K [0x00000000eab00000, 0x00000000f3180000, 0x0000000100000000)
  eden space 89600K, 100% used [0x00000000eab00000,0x00000000f0280000,0x00000000f0280000)
  from space 10752K, 89% used [0x00000000f0280000,0x00000000f0beca68,0x00000000f0d00000)
  to   space 12288K, 0% used [0x00000000f2580000,0x00000000f2580000,0x00000000f3180000)
 ParOldGen       total 64512K, used 8035K [0x00000000c0000000, 0x00000000c3f00000, 0x00000000eab00000)
  object space 64512K, 12% used [0x00000000c0000000,0x00000000c07d8ee8,0x00000000c3f00000)
 Metaspace       used 32397K, capacity 33450K, committed 33664K, reserved 1079296K
  class space    used 4302K, capacity 4686K, committed 4736K, reserved 1048576K
Event: 7.259 GC heap after
Heap after GC invocations=13 (full 1):
 PSYoungGen      total 101888K, used 12276K [0x00000000eab00000, 0x00000000f3180000, 0x0000000100000000)
  eden space 89600K, 0% used [0x00000000eab00000,0x00000000eab00000,0x00000000f0280000)
  from space 12288K, 99% used [0x00000000f2580000,0x00000000f317d310,0x00000000f3180000)
  to   space 10752K, 0% used [0x00000000f0280000,0x00000000f0280000,0x00000000f0d00000)
 ParOldGen       total 64512K, used 11012K [0x00000000c0000000, 0x00000000c3f00000, 0x00000000eab00000)
  object space 64512K, 17% used [0x00000000c0000000,0x00000000c0ac12d0,0x00000000c3f00000)
 Metaspace       used 32397K, capacity 33450K, committed 33664K, reserved 1079296K
  class space    used 4302K, capacity 4686K, committed 4736K, reserved 1048576K
}

