# JRE version: Java(TM) SE Runtime Environment (8.0_65-b17) (build 1.8.0_65-b17)
# Java VM: Java HotSpot(TM) 64-Bit Server VM (25.65-b01 mixed mode windows-amd64 compressed oops)
Heap:
 PSYoungGen      total 79872K, used 47567K [0x00000000eab00000, 0x00000000f0500000, 0x0000000100000000)
  eden space 68096K, 67% used [0x00000000eab00000,0x00000000ed7c5c80,0x00000000eed80000)
  from space 11776K, 14% used [0x00000000ef880000,0x00000000efa2e0f0,0x00000000f0400000)
  to   space 11264K, 0% used [0x00000000eed80000,0x00000000eed80000,0x00000000ef880000)
 ParOldGen       total 67072K, used 8021K [0x00000000c0000000, 0x00000000c4180000, 0x00000000eab00000)
  object space 67072K, 11% used [0x00000000c0000000,0x00000000c07d5610,0x00000000c4180000)
 Metaspace       used 22257K, capacity 22852K, committed 23168K, reserved 1069056K
  class space    used 2942K, capacity 3147K, committed 3200K, reserved 1048576K
GC Heap History (10 events):
Event: 6.905 GC heap before
{Heap before GC invocations=5 (full 1):
 PSYoungGen      total 38400K, used 5104K [0x00000000eab00000, 0x00000000ed580000, 0x0000000100000000)
  eden space 33280K, 0% used [0x00000000eab00000,0x00000000eab00000,0x00000000ecb80000)
  from space 5120K, 99% used [0x00000000ed080000,0x00000000ed57c050,0x00000000ed580000)
  to   space 5120K, 0% used [0x00000000ecb80000,0x00000000ecb80000,0x00000000ed080000)
 ParOldGen       total 87552K, used 8533K [0x00000000c0000000, 0x00000000c5580000, 0x00000000eab00000)
  object space 87552K, 9% used [0x00000000c0000000,0x00000000c0855618,0x00000000c5580000)
 Metaspace       used 20654K, capacity 21150K, committed 21296K, reserved 1067008K
  class space    used 2766K, capacity 2922K, committed 2944K, reserved 1048576K
Event: 6.977 GC heap after
Heap after GC invocations=5 (full 1):
 PSYoungGen      total 38400K, used 0K [0x00000000eab00000, 0x00000000ed580000, 0x0000000100000000)
  eden space 33280K, 0% used [0x00000000eab00000,0x00000000eab00000,0x00000000ecb80000)
  from space 5120K, 0% used [0x00000000ed080000,0x00000000ed080000,0x00000000ed580000)
  to   space 5120K, 0% used [0x00000000ecb80000,0x00000000ecb80000,0x00000000ed080000)
 ParOldGen       total 67072K, used 7997K [0x00000000c0000000, 0x00000000c4180000, 0x00000000eab00000)
  object space 67072K, 11% used [0x00000000c0000000,0x00000000c07cf610,0x00000000c4180000)
 Metaspace       used 20654K, capacity 21150K, committed 21296K, reserved 1067008K
  class space    used 2766K, capacity 2922K, committed 2944K, reserved 1048576K
}
Event: 7.271 GC heap before
{Heap before GC invocations=6 (full 1):
 PSYoungGen      total 38400K, used 33280K [0x00000000eab00000, 0x00000000ed580000, 0x0000000100000000)
  eden space 33280K, 100% used [0x00000000eab00000,0x00000000ecb80000,0x00000000ecb80000)
  from space 5120K, 0% used [0x00000000ed080000,0x00000000ed080000,0x00000000ed580000)
  to   space 5120K, 0% used [0x00000000ecb80000,0x00000000ecb80000,0x00000000ed080000)
 ParOldGen       total 67072K, used 7997K [0x00000000c0000000, 0x00000000c4180000, 0x00000000eab00000)
  object space 67072K, 11% used [0x00000000c0000000,0x00000000c07cf610,0x00000000c4180000)
 Metaspace       used 22197K, capacity 22788K, committed 22912K, reserved 1069056K
  class space    used 2940K, capacity 3147K, committed 3200K, reserved 1048576K
Event: 7.272 GC heap after
Heap after GC invocations=6 (full 1):
 PSYoungGen      total 38400K, used 1904K [0x00000000eab00000, 0x00000000eed80000, 0x0000000100000000)
  eden space 33280K, 0% used [0x00000000eab00000,0x00000000eab00000,0x00000000ecb80000)
  from space 5120K, 37% used [0x00000000ecb80000,0x00000000ecd5c3f8,0x00000000ed080000)
  to   space 11264K, 0% used [0x00000000ee280000,0x00000000ee280000,0x00000000eed80000)
 ParOldGen       total 67072K, used 8005K [0x00000000c0000000, 0x00000000c4180000, 0x00000000eab00000)
  object space 67072K, 11% used [0x00000000c0000000,0x00000000c07d1610,0x00000000c4180000)
 Metaspace       used 22197K, capacity 22788K, committed 22912K, reserved 1069056K
  class space    used 2940K, capacity 3147K, committed 3200K, reserved 1048576K
}
Event: 7.348 GC heap before
{Heap before GC invocations=7 (full 1):
 PSYoungGen      total 38400K, used 35184K [0x00000000eab00000, 0x00000000eed80000, 0x0000000100000000)
  eden space 33280K, 100% used [0x00000000eab00000,0x00000000ecb80000,0x00000000ecb80000)
  from space 5120K, 37% used [0x00000000ecb80000,0x00000000ecd5c3f8,0x00000000ed080000)
  to   space 11264K, 0% used [0x00000000ee280000,0x00000000ee280000,0x00000000eed80000)
 ParOldGen       total 67072K, used 8005K [0x00000000c0000000, 0x00000000c4180000, 0x00000000eab00000)
  object space 67072K, 11% used [0x00000000c0000000,0x00000000c07d1610,0x00000000c4180000)
 Metaspace       used 22230K, capacity 22788K, committed 22912K, reserved 1069056K
  class space    used 2940K, capacity 3147K, committed 3200K, reserved 1048576K
Event: 7.349 GC heap after
Heap after GC invocations=7 (full 1):
 PSYoungGen      total 56832K, used 1156K [0x00000000eab00000, 0x00000000ef000000, 0x0000000100000000)
  eden space 45568K, 0% used [0x00000000eab00000,0x00000000eab00000,0x00000000ed780000)
  from space 11264K, 10% used [0x00000000ee280000,0x00000000ee3a1100,0x00000000eed80000)
  to   space 11264K, 0% used [0x00000000ed780000,0x00000000ed780000,0x00000000ee280000)
 ParOldGen       total 67072K, used 8013K [0x00000000c0000000, 0x00000000c4180000, 0x00000000eab00000)
  object space 67072K, 11% used [0x00000000c0000000,0x00000000c07d3610,0x00000000c4180000)
 Metaspace       used 22230K, capacity 22788K, committed 22912K, reserved 1069056K
  class space    used 2940K, capacity 3147K, committed 3200K, reserved 1048576K
}
Event: 7.465 GC heap before
{Heap before GC invocations=8 (full 1):
 PSYoungGen      total 56832K, used 46724K [0x00000000eab00000, 0x00000000ef000000, 0x0000000100000000)
  eden space 45568K, 100% used [0x00000000eab00000,0x00000000ed780000,0x00000000ed780000)
  from space 11264K, 10% used [0x00000000ee280000,0x00000000ee3a1100,0x00000000eed80000)
  to   space 11264K, 0% used [0x00000000ed780000,0x00000000ed780000,0x00000000ee280000)
 ParOldGen       total 67072K, used 8013K [0x00000000c0000000, 0x00000000c4180000, 0x00000000eab00000)
  object space 67072K, 11% used [0x00000000c0000000,0x00000000c07d3610,0x00000000c4180000)
 Metaspace       used 22230K, capacity 22788K, committed 22912K, reserved 1069056K
  class space    used 2940K, capacity 3147K, committed 3200K, reserved 1048576K
Event: 7.466 GC heap after
Heap after GC invocations=8 (full 1):
 PSYoungGen      total 56832K, used 1352K [0x00000000eab00000, 0x00000000f0400000, 0x0000000100000000)
  eden space 45568K, 0% used [0x00000000eab00000,0x00000000eab00000,0x00000000ed780000)
  from space 11264K, 12% used [0x00000000ed780000,0x00000000ed8d20e0,0x00000000ee280000)
  to   space 11776K, 0% used [0x00000000ef880000,0x00000000ef880000,0x00000000f0400000)
 ParOldGen       total 67072K, used 8013K [0x00000000c0000000, 0x00000000c4180000, 0x00000000eab00000)
  object space 67072K, 11% used [0x00000000c0000000,0x00000000c07d3610,0x00000000c4180000)
 Metaspace       used 22230K, capacity 22788K, committed 22912K, reserved 1069056K
  class space    used 2940K, capacity 3147K, committed 3200K, reserved 1048576K
}
Event: 7.582 GC heap before
{Heap before GC invocations=9 (full 1):
 PSYoungGen      total 56832K, used 46920K [0x00000000eab00000, 0x00000000f0400000, 0x0000000100000000)
  eden space 45568K, 100% used [0x00000000eab00000,0x00000000ed780000,0x00000000ed780000)
  from space 11264K, 12% used [0x00000000ed780000,0x00000000ed8d20e0,0x00000000ee280000)
  to   space 11776K, 0% used [0x00000000ef880000,0x00000000ef880000,0x00000000f0400000)
 ParOldGen       total 67072K, used 8013K [0x00000000c0000000, 0x00000000c4180000, 0x00000000eab00000)
  object space 67072K, 11% used [0x00000000c0000000,0x00000000c07d3610,0x00000000c4180000)
 Metaspace       used 22257K, capacity 22852K, committed 23168K, reserved 1069056K
  class space    used 2942K, capacity 3147K, committed 3200K, reserved 1048576K
Event: 7.584 GC heap after
Heap after GC invocations=9 (full 1):
 PSYoungGen      total 79872K, used 1720K [0x00000000eab00000, 0x00000000f0500000, 0x0000000100000000)
  eden space 68096K, 0% used [0x00000000eab00000,0x00000000eab00000,0x00000000eed80000)
  from space 11776K, 14% used [0x00000000ef880000,0x00000000efa2e0f0,0x00000000f0400000)
  to   space 11264K, 0% used [0x00000000eed80000,0x00000000eed80000,0x00000000ef880000)
 ParOldGen       total 67072K, used 8021K [0x00000000c0000000, 0x00000000c4180000, 0x00000000eab00000)
  object space 67072K, 11% used [0x00000000c0000000,0x00000000c07d5610,0x00000000c4180000)
 Metaspace       used 22257K, capacity 22852K, committed 23168K, reserved 1069056K
  class space    used 2942K, capacity 3147K, committed 3200K, reserved 1048576K
}

