# JRE version: Java(TM) SE Runtime Environment (8.0_65-b17) (build 1.8.0_65-b17)
# Java VM: Java HotSpot(TM) 64-Bit Server VM (25.65-b01 mixed mode windows-amd64 compressed oops)
Heap:
 PSYoungGen      total 104960K, used 9187K [0x00000000eab00000, 0x00000000f1c80000, 0x0000000100000000)
  eden space 93696K, 8% used [0x00000000eab00000,0x00000000eb259b90,0x00000000f0680000)
  from space 11264K, 14% used [0x00000000f0680000,0x00000000f081f198,0x00000000f1180000)
  to   space 11264K, 0% used [0x00000000f1180000,0x00000000f1180000,0x00000000f1c80000)
 ParOldGen       total 46080K, used 9737K [0x00000000c0000000, 0x00000000c2d00000, 0x00000000eab00000)
  object space 46080K, 21% used [0x00000000c0000000,0x00000000c0982600,0x00000000c2d00000)
 Metaspace       used 23590K, capacity 24276K, committed 24320K, reserved 1071104K
  class space    used 3069K, capacity 3313K, committed 3328K, reserved 1048576K
GC Heap History (10 events):
Event: 31.393 GC heap before
{Heap before GC invocations=8 (full 1):
 PSYoungGen      total 43008K, used 33380K [0x00000000eab00000, 0x00000000ee080000, 0x0000000100000000)
  eden space 32256K, 100% used [0x00000000eab00000,0x00000000eca80000,0x00000000eca80000)
  from space 10752K, 10% used [0x00000000ed600000,0x00000000ed7190e0,0x00000000ee080000)
  to   space 11264K, 0% used [0x00000000eca80000,0x00000000eca80000,0x00000000ed580000)
 ParOldGen       total 46080K, used 8025K [0x00000000c0000000, 0x00000000c2d00000, 0x00000000eab00000)
  object space 46080K, 17% used [0x00000000c0000000,0x00000000c07d64b0,0x00000000c2d00000)
 Metaspace       used 22241K, capacity 22788K, committed 22912K, reserved 1069056K
  class space    used 2939K, capacity 3147K, committed 3200K, reserved 1048576K
Event: 31.394 GC heap after
Heap after GC invocations=8 (full 1):
 PSYoungGen      total 43520K, used 1272K [0x00000000eab00000, 0x00000000efd00000, 0x0000000100000000)
  eden space 32256K, 0% used [0x00000000eab00000,0x00000000eab00000,0x00000000eca80000)
  from space 11264K, 11% used [0x00000000eca80000,0x00000000ecbbe0f0,0x00000000ed580000)
  to   space 11776K, 0% used [0x00000000ef180000,0x00000000ef180000,0x00000000efd00000)
 ParOldGen       total 46080K, used 8025K [0x00000000c0000000, 0x00000000c2d00000, 0x00000000eab00000)
  object space 46080K, 17% used [0x00000000c0000000,0x00000000c07d64b0,0x00000000c2d00000)
 Metaspace       used 22241K, capacity 22788K, committed 22912K, reserved 1069056K
  class space    used 2939K, capacity 3147K, committed 3200K, reserved 1048576K
}
Event: 31.478 GC heap before
{Heap before GC invocations=9 (full 1):
 PSYoungGen      total 43520K, used 33528K [0x00000000eab00000, 0x00000000efd00000, 0x0000000100000000)
  eden space 32256K, 100% used [0x00000000eab00000,0x00000000eca80000,0x00000000eca80000)
  from space 11264K, 11% used [0x00000000eca80000,0x00000000ecbbe0f0,0x00000000ed580000)
  to   space 11776K, 0% used [0x00000000ef180000,0x00000000ef180000,0x00000000efd00000)
 ParOldGen       total 46080K, used 8025K [0x00000000c0000000, 0x00000000c2d00000, 0x00000000eab00000)
  object space 46080K, 17% used [0x00000000c0000000,0x00000000c07d64b0,0x00000000c2d00000)
 Metaspace       used 22241K, capacity 22788K, committed 22912K, reserved 1069056K
  class space    used 2939K, capacity 3147K, committed 3200K, reserved 1048576K
Event: 31.480 GC heap after
Heap after GC invocations=9 (full 1):
 PSYoungGen      total 72192K, used 1464K [0x00000000eab00000, 0x00000000efc80000, 0x0000000100000000)
  eden space 60928K, 0% used [0x00000000eab00000,0x00000000eab00000,0x00000000ee680000)
  from space 11264K, 12% used [0x00000000ef180000,0x00000000ef2ee0f0,0x00000000efc80000)
  to   space 11264K, 0% used [0x00000000ee680000,0x00000000ee680000,0x00000000ef180000)
 ParOldGen       total 46080K, used 8025K [0x00000000c0000000, 0x00000000c2d00000, 0x00000000eab00000)
  object space 46080K, 17% used [0x00000000c0000000,0x00000000c07d64b0,0x00000000c2d00000)
 Metaspace       used 22241K, capacity 22788K, committed 22912K, reserved 1069056K
  class space    used 2939K, capacity 3147K, committed 3200K, reserved 1048576K
}
Event: 31.680 GC heap before
{Heap before GC invocations=10 (full 1):
 PSYoungGen      total 72192K, used 62392K [0x00000000eab00000, 0x00000000efc80000, 0x0000000100000000)
  eden space 60928K, 100% used [0x00000000eab00000,0x00000000ee680000,0x00000000ee680000)
  from space 11264K, 12% used [0x00000000ef180000,0x00000000ef2ee0f0,0x00000000efc80000)
  to   space 11264K, 0% used [0x00000000ee680000,0x00000000ee680000,0x00000000ef180000)
 ParOldGen       total 46080K, used 8025K [0x00000000c0000000, 0x00000000c2d00000, 0x00000000eab00000)
  object space 46080K, 17% used [0x00000000c0000000,0x00000000c07d64b0,0x00000000c2d00000)
 Metaspace       used 22271K, capacity 22852K, committed 23168K, reserved 1069056K
  class space    used 2941K, capacity 3147K, committed 3200K, reserved 1048576K
Event: 31.682 GC heap after
Heap after GC invocations=10 (full 1):
 PSYoungGen      total 72192K, used 992K [0x00000000eab00000, 0x00000000f1c80000, 0x0000000100000000)
  eden space 60928K, 0% used [0x00000000eab00000,0x00000000eab00000,0x00000000ee680000)
  from space 11264K, 8% used [0x00000000ee680000,0x00000000ee778000,0x00000000ef180000)
  to   space 11264K, 0% used [0x00000000f1180000,0x00000000f1180000,0x00000000f1c80000)
 ParOldGen       total 46080K, used 8881K [0x00000000c0000000, 0x00000000c2d00000, 0x00000000eab00000)
  object space 46080K, 19% used [0x00000000c0000000,0x00000000c08ac600,0x00000000c2d00000)
 Metaspace       used 22271K, capacity 22852K, committed 23168K, reserved 1069056K
  class space    used 2941K, capacity 3147K, committed 3200K, reserved 1048576K
}
Event: 31.862 GC heap before
{Heap before GC invocations=11 (full 1):
 PSYoungGen      total 72192K, used 61920K [0x00000000eab00000, 0x00000000f1c80000, 0x0000000100000000)
  eden space 60928K, 100% used [0x00000000eab00000,0x00000000ee680000,0x00000000ee680000)
  from space 11264K, 8% used [0x00000000ee680000,0x00000000ee778000,0x00000000ef180000)
  to   space 11264K, 0% used [0x00000000f1180000,0x00000000f1180000,0x00000000f1c80000)
 ParOldGen       total 46080K, used 8881K [0x00000000c0000000, 0x00000000c2d00000, 0x00000000eab00000)
  object space 46080K, 19% used [0x00000000c0000000,0x00000000c08ac600,0x00000000c2d00000)
 Metaspace       used 22275K, capacity 22852K, committed 23168K, reserved 1069056K
  class space    used 2941K, capacity 3147K, committed 3200K, reserved 1048576K
Event: 31.863 GC heap after
Heap after GC invocations=11 (full 1):
 PSYoungGen      total 104960K, used 912K [0x00000000eab00000, 0x00000000f1c80000, 0x0000000100000000)
  eden space 93696K, 0% used [0x00000000eab00000,0x00000000eab00000,0x00000000f0680000)
  from space 11264K, 8% used [0x00000000f1180000,0x00000000f1264010,0x00000000f1c80000)
  to   space 11264K, 0% used [0x00000000f0680000,0x00000000f0680000,0x00000000f1180000)
 ParOldGen       total 46080K, used 9193K [0x00000000c0000000, 0x00000000c2d00000, 0x00000000eab00000)
  object space 46080K, 19% used [0x00000000c0000000,0x00000000c08fa600,0x00000000c2d00000)
 Metaspace       used 22275K, capacity 22852K, committed 23168K, reserved 1069056K
  class space    used 2941K, capacity 3147K, committed 3200K, reserved 1048576K
}
Event: 32.552 GC heap before
{Heap before GC invocations=12 (full 1):
 PSYoungGen      total 104960K, used 94608K [0x00000000eab00000, 0x00000000f1c80000, 0x0000000100000000)
  eden space 93696K, 100% used [0x00000000eab00000,0x00000000f0680000,0x00000000f0680000)
  from space 11264K, 8% used [0x00000000f1180000,0x00000000f1264010,0x00000000f1c80000)
  to   space 11264K, 0% used [0x00000000f0680000,0x00000000f0680000,0x00000000f1180000)
 ParOldGen       total 46080K, used 9193K [0x00000000c0000000, 0x00000000c2d00000, 0x00000000eab00000)
  object space 46080K, 19% used [0x00000000c0000000,0x00000000c08fa600,0x00000000c2d00000)
 Metaspace       used 22723K, capacity 23210K, committed 23424K, reserved 1069056K
  class space    used 2989K, capacity 3180K, committed 3200K, reserved 1048576K
Event: 32.555 GC heap after
Heap after GC invocations=12 (full 1):
 PSYoungGen      total 104960K, used 1660K [0x00000000eab00000, 0x00000000f1c80000, 0x0000000100000000)
  eden space 93696K, 0% used [0x00000000eab00000,0x00000000eab00000,0x00000000f0680000)
  from space 11264K, 14% used [0x00000000f0680000,0x00000000f081f198,0x00000000f1180000)
  to   space 11264K, 0% used [0x00000000f1180000,0x00000000f1180000,0x00000000f1c80000)
 ParOldGen       total 46080K, used 9737K [0x00000000c0000000, 0x00000000c2d00000, 0x00000000eab00000)
  object space 46080K, 21% used [0x00000000c0000000,0x00000000c0982600,0x00000000c2d00000)
 Metaspace       used 22723K, capacity 23210K, committed 23424K, reserved 1069056K
  class space    used 2989K, capacity 3180K, committed 3200K, reserved 1048576K
}

